TN:
SF:src/ejercicio/clientEmitter.ts
FN:17,(anonymous_0)
FN:21,(anonymous_1)
FN:25,(anonymous_2)
FNF:3
FNH:2
FNDA:2,(anonymous_0)
FNDA:6,(anonymous_1)
FNDA:0,(anonymous_2)
DA:7,1
DA:12,1
DA:18,2
DA:20,2
DA:21,2
DA:22,6
DA:25,2
DA:26,0
LF:8
LH:7
BRF:0
BRH:0
end_of_record
TN:
SF:src/ejercicio/nota.ts
FN:19,(anonymous_6)
FN:25,(anonymous_7)
FN:33,(anonymous_8)
FN:41,(anonymous_9)
FN:49,(anonymous_10)
FN:57,(anonymous_11)
FNF:6
FNH:6
FNDA:9,(anonymous_6)
FNDA:1,(anonymous_7)
FNDA:1,(anonymous_8)
FNDA:1,(anonymous_9)
FNDA:7,(anonymous_10)
FNDA:7,(anonymous_11)
DA:7,1
DA:12,1
DA:19,9
DA:26,1
DA:34,1
DA:42,1
DA:50,7
DA:51,7
DA:58,7
DA:60,1
DA:61,1
DA:63,1
DA:64,1
DA:66,1
DA:67,1
DA:69,1
DA:70,1
DA:72,1
DA:73,1
DA:75,1
DA:76,1
DA:78,1
DA:79,1
LF:23
LH:23
BRDA:58,0,0,1
BRDA:58,0,1,1
BRDA:58,0,2,1
BRDA:58,0,3,1
BRDA:58,0,4,1
BRDA:58,0,5,1
BRDA:58,0,6,1
BRF:7
BRH:7
end_of_record
TN:
SF:src/ejercicio/serverEmitter.ts
FN:17,(anonymous_0)
FN:21,(anonymous_1)
FNF:2
FNH:2
FNDA:1,(anonymous_0)
FNDA:3,(anonymous_1)
DA:7,1
DA:12,1
DA:18,1
DA:20,1
DA:21,1
DA:22,3
DA:24,3
DA:25,3
DA:26,1
DA:27,1
DA:28,1
DA:29,1
LF:12
LH:12
BRF:0
BRH:0
end_of_record
