TN:
SF:src/ejercicio/clientEmitter.ts
FN:17,(anonymous_0)
FN:21,(anonymous_1)
FN:25,(anonymous_2)
FNF:3
FNH:2
FNDA:2,(anonymous_0)
FNDA:6,(anonymous_1)
FNDA:0,(anonymous_2)
DA:7,1
DA:12,1
DA:18,2
DA:20,2
DA:21,2
DA:22,6
DA:25,2
DA:26,0
LF:8
LH:7
BRF:0
BRH:0
end_of_record
TN:
SF:src/ejercicio/serverEmitter.ts
FN:17,(anonymous_0)
FN:21,(anonymous_1)
FNF:2
FNH:2
FNDA:1,(anonymous_0)
FNDA:3,(anonymous_1)
DA:7,1
DA:12,1
DA:18,1
DA:20,1
DA:21,1
DA:22,3
DA:24,3
DA:25,3
DA:26,1
DA:27,1
DA:28,1
DA:29,1
LF:12
LH:12
BRF:0
BRH:0
end_of_record
